Hmm ... looks like a package
Converting parsed Rd's to LaTeX ..
Creating pdf output from LaTeX ...

This is pdfTeX, Version 3.141592653-2.6-1.40.25 (TeX Live 2023/Homebrew) (preloaded format=pdflatex)
 restricted \write18 enabled.
entering extended mode
LaTeX2e <2022-11-01> patch level 1
L3 programming layer <2023-02-22> (./Rd2.tex

(/opt/homebrew/Cellar/texlive/20230313_2/share/texmf-dist/tex/latex/base/book.c
ls
Document Class: book 2022/07/02 v1.4n Standard LaTeX document class

(/opt/homebrew/Cellar/texlive/20230313_2/share/texmf-dist/tex/latex/base/bk10.c
lo)) (/Library/Frameworks/R.framework/Resources/share/texmf/tex/latex/Rd.sty
(/opt/homebrew/Cellar/texlive/20230313_2/share/texmf-dist/tex/latex/base/ifthen
.sty)
(/opt/homebrew/Cellar/texlive/20230313_2/share/texmf-dist/tex/latex/tools/longt
able.sty)
(/opt/homebrew/Cellar/texlive/20230313_2/share/texmf-dist/tex/latex/tools/bm.st
y)
(/opt/homebrew/Cellar/texlive/20230313_2/share/texmf-dist/tex/latex/base/alltt.
sty)
(/opt/homebrew/Cellar/texlive/20230313_2/share/texmf-dist/tex/latex/tools/verba
tim.sty)
(/opt/homebrew/Cellar/texlive/20230313_2/share/texmf-dist/tex/latex/url/url.sty
)
(/opt/homebrew/Cellar/texlive/20230313_2/share/texmf-dist/tex/latex/base/textco
mp.sty)
(/opt/homebrew/Cellar/texlive/20230313_2/share/texmf-dist/tex/latex/amsmath/ams
math.sty
For additional information on amsmath, use the `?' option.

(/opt/homebrew/Cellar/texlive/20230313_2/share/texmf-dist/tex/latex/amsmath/ams
text.sty
(/opt/homebrew/Cellar/texlive/20230313_2/share/texmf-dist/tex/latex/amsmath/ams
gen.sty))
(/opt/homebrew/Cellar/texlive/20230313_2/share/texmf-dist/tex/latex/amsmath/ams
bsy.sty)
(/opt/homebrew/Cellar/texlive/20230313_2/share/texmf-dist/tex/latex/amsmath/ams
opn.sty))
(/opt/homebrew/Cellar/texlive/20230313_2/share/texmf-dist/tex/latex/amsfonts/am
sfonts.sty)
(/opt/homebrew/Cellar/texlive/20230313_2/share/texmf-dist/tex/latex/amsfonts/am
ssymb.sty)
(/opt/homebrew/Cellar/texlive/20230313_2/share/texmf-dist/tex/latex/jknapltx/ma
thrsfs.sty)
(/opt/homebrew/Cellar/texlive/20230313_2/share/texmf-dist/tex/generic/iftex/ift
ex.sty)
(/opt/homebrew/Cellar/texlive/20230313_2/share/texmf-dist/tex/latex/base/fonten
c.sty)
(/opt/homebrew/Cellar/texlive/20230313_2/share/texmf-dist/tex/latex/psnfss/time
s.sty)
(/opt/homebrew/Cellar/texlive/20230313_2/share/texmf-dist/tex/latex/inconsolata
/zi4.sty
`inconsolata-zi4' v1.12, 2019/05/17 Text macros for Inconsolata (msharpe)
(/opt/homebrew/Cellar/texlive/20230313_2/share/texmf-dist/tex/latex/xkeyval/xke
yval.sty
(/opt/homebrew/Cellar/texlive/20230313_2/share/texmf-dist/tex/generic/xkeyval/x
keyval.tex
(/opt/homebrew/Cellar/texlive/20230313_2/share/texmf-dist/tex/generic/xkeyval/x
kvutils.tex
(/opt/homebrew/Cellar/texlive/20230313_2/share/texmf-dist/tex/generic/xkeyval/k
eyval.tex)))))
(/opt/homebrew/Cellar/texlive/20230313_2/share/texmf-dist/tex/latex/graphics/co
lor.sty
(/opt/homebrew/Cellar/texlive/20230313_2/share/texmf-dist/tex/latex/graphics-cf
g/color.cfg)
(/opt/homebrew/Cellar/texlive/20230313_2/share/texmf-dist/tex/latex/graphics-de
f/pdftex.def)
(/opt/homebrew/Cellar/texlive/20230313_2/share/texmf-dist/tex/latex/graphics/ma
thcolor.ltx))
(/opt/homebrew/Cellar/texlive/20230313_2/share/texmf-dist/tex/latex/hyperref/hy
perref.sty
(/opt/homebrew/Cellar/texlive/20230313_2/share/texmf-dist/tex/generic/ltxcmds/l
txcmds.sty)
(/opt/homebrew/Cellar/texlive/20230313_2/share/texmf-dist/tex/generic/pdftexcmd
s/pdftexcmds.sty
(/opt/homebrew/Cellar/texlive/20230313_2/share/texmf-dist/tex/generic/infwarerr
/infwarerr.sty))
(/opt/homebrew/Cellar/texlive/20230313_2/share/texmf-dist/tex/latex/kvsetkeys/k
vsetkeys.sty)
(/opt/homebrew/Cellar/texlive/20230313_2/share/texmf-dist/tex/generic/kvdefinek
eys/kvdefinekeys.sty)
(/opt/homebrew/Cellar/texlive/20230313_2/share/texmf-dist/tex/generic/pdfescape
/pdfescape.sty)
(/opt/homebrew/Cellar/texlive/20230313_2/share/texmf-dist/tex/latex/hycolor/hyc
olor.sty)
(/opt/homebrew/Cellar/texlive/20230313_2/share/texmf-dist/tex/latex/letltxmacro
/letltxmacro.sty)
(/opt/homebrew/Cellar/texlive/20230313_2/share/texmf-dist/tex/latex/auxhook/aux
hook.sty)
(/opt/homebrew/Cellar/texlive/20230313_2/share/texmf-dist/tex/latex/hyperref/na
meref.sty
(/opt/homebrew/Cellar/texlive/20230313_2/share/texmf-dist/tex/latex/refcount/re
fcount.sty)
(/opt/homebrew/Cellar/texlive/20230313_2/share/texmf-dist/tex/generic/gettitles
tring/gettitlestring.sty
(/opt/homebrew/Cellar/texlive/20230313_2/share/texmf-dist/tex/latex/kvoptions/k
voptions.sty)))
(/opt/homebrew/Cellar/texlive/20230313_2/share/texmf-dist/tex/latex/hyperref/pd
1enc.def)
(/opt/homebrew/Cellar/texlive/20230313_2/share/texmf-dist/tex/generic/intcalc/i
ntcalc.sty)
(/opt/homebrew/Cellar/texlive/20230313_2/share/texmf-dist/tex/generic/etexcmds/
etexcmds.sty)
(/opt/homebrew/Cellar/texlive/20230313_2/share/texmf-dist/tex/latex/hyperref/pu
enc.def)
(/opt/homebrew/Cellar/texlive/20230313_2/share/texmf-dist/tex/generic/bitset/bi
tset.sty
(/opt/homebrew/Cellar/texlive/20230313_2/share/texmf-dist/tex/generic/bigintcal
c/bigintcalc.sty))
(/opt/homebrew/Cellar/texlive/20230313_2/share/texmf-dist/tex/latex/base/atbegs
hi-ltx.sty))
(/opt/homebrew/Cellar/texlive/20230313_2/share/texmf-dist/tex/latex/hyperref/hp
dftex.def
(/opt/homebrew/Cellar/texlive/20230313_2/share/texmf-dist/tex/latex/base/atvery
end-ltx.sty)
(/opt/homebrew/Cellar/texlive/20230313_2/share/texmf-dist/tex/latex/rerunfilech
eck/rerunfilecheck.sty
(/opt/homebrew/Cellar/texlive/20230313_2/share/texmf-dist/tex/generic/uniquecou
nter/uniquecounter.sty))))
(/opt/homebrew/Cellar/texlive/20230313_2/share/texmf-dist/tex/latex/base/makeid
x.sty)
(/opt/homebrew/Cellar/texlive/20230313_2/share/texmf-dist/tex/latex/base/inpute
nc.sty)
Writing index file Rd2.idx

(/opt/homebrew/Cellar/texlive/20230313_2/share/texmf-dist/tex/latex/psnfss/t1pt
m.fd)
(/opt/homebrew/Cellar/texlive/20230313_2/share/texmf-dist/tex/latex/l3backend/l
3backend-pdftex.def)
No file Rd2.aux.

(/opt/homebrew/Cellar/texlive/20230313_2/share/texmf-dist/tex/context/base/mkii
/supp-pdf.mkii
[Loading MPS to PDF converter (version 2006.09.02).]
)
(/opt/homebrew/Cellar/texlive/20230313_2/share/texmf-dist/tex/latex/inconsolata
/t1zi4.fd)
(/opt/homebrew/Cellar/texlive/20230313_2/share/texmf-dist/tex/latex/amsfonts/um
sa.fd)
(/opt/homebrew/Cellar/texlive/20230313_2/share/texmf-dist/tex/latex/amsfonts/um
sb.fd)
(/opt/homebrew/Cellar/texlive/20230313_2/share/texmf-dist/tex/latex/jknapltx/ur
sfs.fd)
(/opt/homebrew/Cellar/texlive/20230313_2/share/texmf-dist/tex/latex/psnfss/t1ph
v.fd)
No file Rd2.toc.
[1{/opt/homebrew/Cellar/texlive/20230313_2/share/texmf-dist/fonts/map/pdftex/up
dmap/pdftex.map}{/opt/homebrew/Cellar/texlive/20230313_2/share/texmf-dist/fonts
/enc/dvips/base/8r.enc}{/opt/homebrew/Cellar/texlive/20230313_2/share/texmf-dis
t/fonts/enc/dvips/inconsolata/i4-t1-0.enc}]
(/opt/homebrew/Cellar/texlive/20230313_2/share/texmf-dist/tex/latex/inconsolata
/ts1zi4.fd) [2{/opt/homebrew/Cellar/texlive/20230313_2/share/texmf-dist/fonts/e
nc/dvips/inconsolata/i4-ts1.enc}]
Overfull \hbox (6.7171pt too wide) in paragraph at lines 143--144
[]\T1/ptm/m/n/10 sf*/stars/SpatVector/SpatRaster ob-ject or a named nu-meric ve
c-tor with four names
[3] [4] [5] [6]
Overfull \hbox (50.24054pt too wide) in paragraph at lines 376--377
[]\T1/zi4/m/n/10 "id_from:id_to" []\T1/ptm/m/n/10 for-mat or []\T1/zi4/m/n/10 c
(unique(grid_id)[id_from], unique(grid_id)[id_to]) 
[7] [8] [9] [10] [11] [12] [13] [14] [15]
No file Rd2.ind.
[16]
(/private/var/folders/58/7rn_bn5d6k3_cxwnzdhswpz4n0z2n9/T/RtmpOaxUwq/Rd2pdff3c8
56e679a5/Rd2.aux)

Package rerunfilecheck Warning: File `Rd2.out' has changed.
(rerunfilecheck)                Rerun to get outlines right
(rerunfilecheck)                or use package `bookmark'.

 )
(see the transcript file for additional information)</opt/homebrew/Cellar/texli
ve/20230313_2/share/texmf-dist/fonts/type1/public/inconsolata/Inconsolata-zi4r.
pfb></opt/homebrew/Cellar/texlive/20230313_2/share/texmf-dist/fonts/type1/urw/h
elvetic/uhvr8a.pfb></opt/homebrew/Cellar/texlive/20230313_2/share/texmf-dist/fo
nts/type1/urw/times/utmb8a.pfb></opt/homebrew/Cellar/texlive/20230313_2/share/t
exmf-dist/fonts/type1/urw/times/utmr8a.pfb></opt/homebrew/Cellar/texlive/202303
13_2/share/texmf-dist/fonts/type1/urw/times/utmr8a.pfb></opt/homebrew/Cellar/te
xlive/20230313_2/share/texmf-dist/fonts/type1/urw/times/utmri8a.pfb>
Output written on Rd2.pdf (16 pages, 110666 bytes).
Transcript written on Rd2.log.
This is makeindex, version 2.17 [TeX Live 2023] (kpathsea + Thai support).
Scanning input file Rd2.idx....done (25 entries accepted, 0 rejected).
Sorting entries....done (101 comparisons).
Generating output file Rd2.ind....done (53 lines written, 0 warnings).
Output written in Rd2.ind.
Transcript written in Rd2.ilg.
This is pdfTeX, Version 3.141592653-2.6-1.40.25 (TeX Live 2023/Homebrew) (preloaded format=pdflatex)
 restricted \write18 enabled.
entering extended mode
LaTeX2e <2022-11-01> patch level 1
L3 programming layer <2023-02-22> (./Rd2.tex

(/opt/homebrew/Cellar/texlive/20230313_2/share/texmf-dist/tex/latex/base/book.c
ls
Document Class: book 2022/07/02 v1.4n Standard LaTeX document class

(/opt/homebrew/Cellar/texlive/20230313_2/share/texmf-dist/tex/latex/base/bk10.c
lo)) (/Library/Frameworks/R.framework/Resources/share/texmf/tex/latex/Rd.sty
(/opt/homebrew/Cellar/texlive/20230313_2/share/texmf-dist/tex/latex/base/ifthen
.sty)
(/opt/homebrew/Cellar/texlive/20230313_2/share/texmf-dist/tex/latex/tools/longt
able.sty)
(/opt/homebrew/Cellar/texlive/20230313_2/share/texmf-dist/tex/latex/tools/bm.st
y)
(/opt/homebrew/Cellar/texlive/20230313_2/share/texmf-dist/tex/latex/base/alltt.
sty)
(/opt/homebrew/Cellar/texlive/20230313_2/share/texmf-dist/tex/latex/tools/verba
tim.sty)
(/opt/homebrew/Cellar/texlive/20230313_2/share/texmf-dist/tex/latex/url/url.sty
)
(/opt/homebrew/Cellar/texlive/20230313_2/share/texmf-dist/tex/latex/base/textco
mp.sty)
(/opt/homebrew/Cellar/texlive/20230313_2/share/texmf-dist/tex/latex/amsmath/ams
math.sty
For additional information on amsmath, use the `?' option.

(/opt/homebrew/Cellar/texlive/20230313_2/share/texmf-dist/tex/latex/amsmath/ams
text.sty
(/opt/homebrew/Cellar/texlive/20230313_2/share/texmf-dist/tex/latex/amsmath/ams
gen.sty))
(/opt/homebrew/Cellar/texlive/20230313_2/share/texmf-dist/tex/latex/amsmath/ams
bsy.sty)
(/opt/homebrew/Cellar/texlive/20230313_2/share/texmf-dist/tex/latex/amsmath/ams
opn.sty))
(/opt/homebrew/Cellar/texlive/20230313_2/share/texmf-dist/tex/latex/amsfonts/am
sfonts.sty)
(/opt/homebrew/Cellar/texlive/20230313_2/share/texmf-dist/tex/latex/amsfonts/am
ssymb.sty)
(/opt/homebrew/Cellar/texlive/20230313_2/share/texmf-dist/tex/latex/jknapltx/ma
thrsfs.sty)
(/opt/homebrew/Cellar/texlive/20230313_2/share/texmf-dist/tex/generic/iftex/ift
ex.sty)
(/opt/homebrew/Cellar/texlive/20230313_2/share/texmf-dist/tex/latex/base/fonten
c.sty)
(/opt/homebrew/Cellar/texlive/20230313_2/share/texmf-dist/tex/latex/psnfss/time
s.sty)
(/opt/homebrew/Cellar/texlive/20230313_2/share/texmf-dist/tex/latex/inconsolata
/zi4.sty
`inconsolata-zi4' v1.12, 2019/05/17 Text macros for Inconsolata (msharpe)
(/opt/homebrew/Cellar/texlive/20230313_2/share/texmf-dist/tex/latex/xkeyval/xke
yval.sty
(/opt/homebrew/Cellar/texlive/20230313_2/share/texmf-dist/tex/generic/xkeyval/x
keyval.tex
(/opt/homebrew/Cellar/texlive/20230313_2/share/texmf-dist/tex/generic/xkeyval/x
kvutils.tex
(/opt/homebrew/Cellar/texlive/20230313_2/share/texmf-dist/tex/generic/xkeyval/k
eyval.tex)))))
(/opt/homebrew/Cellar/texlive/20230313_2/share/texmf-dist/tex/latex/graphics/co
lor.sty
(/opt/homebrew/Cellar/texlive/20230313_2/share/texmf-dist/tex/latex/graphics-cf
g/color.cfg)
(/opt/homebrew/Cellar/texlive/20230313_2/share/texmf-dist/tex/latex/graphics-de
f/pdftex.def)
(/opt/homebrew/Cellar/texlive/20230313_2/share/texmf-dist/tex/latex/graphics/ma
thcolor.ltx))
(/opt/homebrew/Cellar/texlive/20230313_2/share/texmf-dist/tex/latex/hyperref/hy
perref.sty
(/opt/homebrew/Cellar/texlive/20230313_2/share/texmf-dist/tex/generic/ltxcmds/l
txcmds.sty)
(/opt/homebrew/Cellar/texlive/20230313_2/share/texmf-dist/tex/generic/pdftexcmd
s/pdftexcmds.sty
(/opt/homebrew/Cellar/texlive/20230313_2/share/texmf-dist/tex/generic/infwarerr
/infwarerr.sty))
(/opt/homebrew/Cellar/texlive/20230313_2/share/texmf-dist/tex/latex/kvsetkeys/k
vsetkeys.sty)
(/opt/homebrew/Cellar/texlive/20230313_2/share/texmf-dist/tex/generic/kvdefinek
eys/kvdefinekeys.sty)
(/opt/homebrew/Cellar/texlive/20230313_2/share/texmf-dist/tex/generic/pdfescape
/pdfescape.sty)
(/opt/homebrew/Cellar/texlive/20230313_2/share/texmf-dist/tex/latex/hycolor/hyc
olor.sty)
(/opt/homebrew/Cellar/texlive/20230313_2/share/texmf-dist/tex/latex/letltxmacro
/letltxmacro.sty)
(/opt/homebrew/Cellar/texlive/20230313_2/share/texmf-dist/tex/latex/auxhook/aux
hook.sty)
(/opt/homebrew/Cellar/texlive/20230313_2/share/texmf-dist/tex/latex/hyperref/na
meref.sty
(/opt/homebrew/Cellar/texlive/20230313_2/share/texmf-dist/tex/latex/refcount/re
fcount.sty)
(/opt/homebrew/Cellar/texlive/20230313_2/share/texmf-dist/tex/generic/gettitles
tring/gettitlestring.sty
(/opt/homebrew/Cellar/texlive/20230313_2/share/texmf-dist/tex/latex/kvoptions/k
voptions.sty)))
(/opt/homebrew/Cellar/texlive/20230313_2/share/texmf-dist/tex/latex/hyperref/pd
1enc.def)
(/opt/homebrew/Cellar/texlive/20230313_2/share/texmf-dist/tex/generic/intcalc/i
ntcalc.sty)
(/opt/homebrew/Cellar/texlive/20230313_2/share/texmf-dist/tex/generic/etexcmds/
etexcmds.sty)
(/opt/homebrew/Cellar/texlive/20230313_2/share/texmf-dist/tex/latex/hyperref/pu
enc.def)
(/opt/homebrew/Cellar/texlive/20230313_2/share/texmf-dist/tex/generic/bitset/bi
tset.sty
(/opt/homebrew/Cellar/texlive/20230313_2/share/texmf-dist/tex/generic/bigintcal
c/bigintcalc.sty))
(/opt/homebrew/Cellar/texlive/20230313_2/share/texmf-dist/tex/latex/base/atbegs
hi-ltx.sty))
(/opt/homebrew/Cellar/texlive/20230313_2/share/texmf-dist/tex/latex/hyperref/hp
dftex.def
(/opt/homebrew/Cellar/texlive/20230313_2/share/texmf-dist/tex/latex/base/atvery
end-ltx.sty)
(/opt/homebrew/Cellar/texlive/20230313_2/share/texmf-dist/tex/latex/rerunfilech
eck/rerunfilecheck.sty
(/opt/homebrew/Cellar/texlive/20230313_2/share/texmf-dist/tex/generic/uniquecou
nter/uniquecounter.sty))))
(/opt/homebrew/Cellar/texlive/20230313_2/share/texmf-dist/tex/latex/base/makeid
x.sty)
(/opt/homebrew/Cellar/texlive/20230313_2/share/texmf-dist/tex/latex/base/inpute
nc.sty)
Writing index file Rd2.idx

(/opt/homebrew/Cellar/texlive/20230313_2/share/texmf-dist/tex/latex/psnfss/t1pt
m.fd)
(/opt/homebrew/Cellar/texlive/20230313_2/share/texmf-dist/tex/latex/l3backend/l
3backend-pdftex.def)
(/private/var/folders/58/7rn_bn5d6k3_cxwnzdhswpz4n0z2n9/T/RtmpOaxUwq/Rd2pdff3c8
56e679a5/Rd2.aux)
(/opt/homebrew/Cellar/texlive/20230313_2/share/texmf-dist/tex/context/base/mkii
/supp-pdf.mkii
[Loading MPS to PDF converter (version 2006.09.02).]
)
(/private/var/folders/58/7rn_bn5d6k3_cxwnzdhswpz4n0z2n9/T/RtmpOaxUwq/Rd2pdff3c8
56e679a5/Rd2.out)
(/private/var/folders/58/7rn_bn5d6k3_cxwnzdhswpz4n0z2n9/T/RtmpOaxUwq/Rd2pdff3c8
56e679a5/Rd2.out)
(/opt/homebrew/Cellar/texlive/20230313_2/share/texmf-dist/tex/latex/inconsolata
/t1zi4.fd)
(/opt/homebrew/Cellar/texlive/20230313_2/share/texmf-dist/tex/latex/amsfonts/um
sa.fd)
(/opt/homebrew/Cellar/texlive/20230313_2/share/texmf-dist/tex/latex/amsfonts/um
sb.fd)
(/opt/homebrew/Cellar/texlive/20230313_2/share/texmf-dist/tex/latex/jknapltx/ur
sfs.fd)
(/opt/homebrew/Cellar/texlive/20230313_2/share/texmf-dist/tex/latex/psnfss/t1ph
v.fd)
(/private/var/folders/58/7rn_bn5d6k3_cxwnzdhswpz4n0z2n9/T/RtmpOaxUwq/Rd2pdff3c8
56e679a5/Rd2.toc [1{/opt/homebrew/Cellar/texlive/20230313_2/share/texmf-dist/fo
nts/map/pdftex/updmap/pdftex.map}{/opt/homebrew/Cellar/texlive/20230313_2/share
/texmf-dist/fonts/enc/dvips/base/8r.enc}{/opt/homebrew/Cellar/texlive/20230313_
2/share/texmf-dist/fonts/enc/dvips/inconsolata/i4-t1-0.enc}])
(/opt/homebrew/Cellar/texlive/20230313_2/share/texmf-dist/tex/latex/inconsolata
/ts1zi4.fd) [2{/opt/homebrew/Cellar/texlive/20230313_2/share/texmf-dist/fonts/e
nc/dvips/inconsolata/i4-ts1.enc}]
Overfull \hbox (6.7171pt too wide) in paragraph at lines 143--144
[]\T1/ptm/m/n/10 sf*/stars/SpatVector/SpatRaster ob-ject or a named nu-meric ve
c-tor with four names
[3] [4] [5] [6] [7]
Overfull \hbox (50.24054pt too wide) in paragraph at lines 376--377
[]\T1/zi4/m/n/10 "id_from:id_to" []\T1/ptm/m/n/10 for-mat or []\T1/zi4/m/n/10 c
(unique(grid_id)[id_from], unique(grid_id)[id_to]) 
[8] [9] [10] [11] [12] [13] [14] [15]
(/private/var/folders/58/7rn_bn5d6k3_cxwnzdhswpz4n0z2n9/T/RtmpOaxUwq/Rd2pdff3c8
56e679a5/Rd2.ind [16] [17])
(/private/var/folders/58/7rn_bn5d6k3_cxwnzdhswpz4n0z2n9/T/RtmpOaxUwq/Rd2pdff3c8
56e679a5/Rd2.aux)

Package rerunfilecheck Warning: File `Rd2.out' has changed.
(rerunfilecheck)                Rerun to get outlines right
(rerunfilecheck)                or use package `bookmark'.

 )
(see the transcript file for additional information)</opt/homebrew/Cellar/texli
ve/20230313_2/share/texmf-dist/fonts/type1/public/inconsolata/Inconsolata-zi4r.
pfb></opt/homebrew/Cellar/texlive/20230313_2/share/texmf-dist/fonts/type1/urw/h
elvetic/uhvr8a.pfb></opt/homebrew/Cellar/texlive/20230313_2/share/texmf-dist/fo
nts/type1/urw/times/utmb8a.pfb></opt/homebrew/Cellar/texlive/20230313_2/share/t
exmf-dist/fonts/type1/urw/times/utmr8a.pfb></opt/homebrew/Cellar/texlive/202303
13_2/share/texmf-dist/fonts/type1/urw/times/utmr8a.pfb></opt/homebrew/Cellar/te
xlive/20230313_2/share/texmf-dist/fonts/type1/urw/times/utmri8a.pfb>
Output written on Rd2.pdf (17 pages, 115771 bytes).
Transcript written on Rd2.log.
This is makeindex, version 2.17 [TeX Live 2023] (kpathsea + Thai support).
Scanning input file Rd2.idx....done (25 entries accepted, 0 rejected).
Sorting entries....done (101 comparisons).
Generating output file Rd2.ind....done (53 lines written, 0 warnings).
Output written in Rd2.ind.
Transcript written in Rd2.ilg.
This is pdfTeX, Version 3.141592653-2.6-1.40.25 (TeX Live 2023/Homebrew) (preloaded format=pdflatex)
 restricted \write18 enabled.
entering extended mode
LaTeX2e <2022-11-01> patch level 1
L3 programming layer <2023-02-22> (./Rd2.tex

(/opt/homebrew/Cellar/texlive/20230313_2/share/texmf-dist/tex/latex/base/book.c
ls
Document Class: book 2022/07/02 v1.4n Standard LaTeX document class

(/opt/homebrew/Cellar/texlive/20230313_2/share/texmf-dist/tex/latex/base/bk10.c
lo)) (/Library/Frameworks/R.framework/Resources/share/texmf/tex/latex/Rd.sty
(/opt/homebrew/Cellar/texlive/20230313_2/share/texmf-dist/tex/latex/base/ifthen
.sty)
(/opt/homebrew/Cellar/texlive/20230313_2/share/texmf-dist/tex/latex/tools/longt
able.sty)
(/opt/homebrew/Cellar/texlive/20230313_2/share/texmf-dist/tex/latex/tools/bm.st
y)
(/opt/homebrew/Cellar/texlive/20230313_2/share/texmf-dist/tex/latex/base/alltt.
sty)
(/opt/homebrew/Cellar/texlive/20230313_2/share/texmf-dist/tex/latex/tools/verba
tim.sty)
(/opt/homebrew/Cellar/texlive/20230313_2/share/texmf-dist/tex/latex/url/url.sty
)
(/opt/homebrew/Cellar/texlive/20230313_2/share/texmf-dist/tex/latex/base/textco
mp.sty)
(/opt/homebrew/Cellar/texlive/20230313_2/share/texmf-dist/tex/latex/amsmath/ams
math.sty
For additional information on amsmath, use the `?' option.

(/opt/homebrew/Cellar/texlive/20230313_2/share/texmf-dist/tex/latex/amsmath/ams
text.sty
(/opt/homebrew/Cellar/texlive/20230313_2/share/texmf-dist/tex/latex/amsmath/ams
gen.sty))
(/opt/homebrew/Cellar/texlive/20230313_2/share/texmf-dist/tex/latex/amsmath/ams
bsy.sty)
(/opt/homebrew/Cellar/texlive/20230313_2/share/texmf-dist/tex/latex/amsmath/ams
opn.sty))
(/opt/homebrew/Cellar/texlive/20230313_2/share/texmf-dist/tex/latex/amsfonts/am
sfonts.sty)
(/opt/homebrew/Cellar/texlive/20230313_2/share/texmf-dist/tex/latex/amsfonts/am
ssymb.sty)
(/opt/homebrew/Cellar/texlive/20230313_2/share/texmf-dist/tex/latex/jknapltx/ma
thrsfs.sty)
(/opt/homebrew/Cellar/texlive/20230313_2/share/texmf-dist/tex/generic/iftex/ift
ex.sty)
(/opt/homebrew/Cellar/texlive/20230313_2/share/texmf-dist/tex/latex/base/fonten
c.sty)
(/opt/homebrew/Cellar/texlive/20230313_2/share/texmf-dist/tex/latex/psnfss/time
s.sty)
(/opt/homebrew/Cellar/texlive/20230313_2/share/texmf-dist/tex/latex/inconsolata
/zi4.sty
`inconsolata-zi4' v1.12, 2019/05/17 Text macros for Inconsolata (msharpe)
(/opt/homebrew/Cellar/texlive/20230313_2/share/texmf-dist/tex/latex/xkeyval/xke
yval.sty
(/opt/homebrew/Cellar/texlive/20230313_2/share/texmf-dist/tex/generic/xkeyval/x
keyval.tex
(/opt/homebrew/Cellar/texlive/20230313_2/share/texmf-dist/tex/generic/xkeyval/x
kvutils.tex
(/opt/homebrew/Cellar/texlive/20230313_2/share/texmf-dist/tex/generic/xkeyval/k
eyval.tex)))))
(/opt/homebrew/Cellar/texlive/20230313_2/share/texmf-dist/tex/latex/graphics/co
lor.sty
(/opt/homebrew/Cellar/texlive/20230313_2/share/texmf-dist/tex/latex/graphics-cf
g/color.cfg)
(/opt/homebrew/Cellar/texlive/20230313_2/share/texmf-dist/tex/latex/graphics-de
f/pdftex.def)
(/opt/homebrew/Cellar/texlive/20230313_2/share/texmf-dist/tex/latex/graphics/ma
thcolor.ltx))
(/opt/homebrew/Cellar/texlive/20230313_2/share/texmf-dist/tex/latex/hyperref/hy
perref.sty
(/opt/homebrew/Cellar/texlive/20230313_2/share/texmf-dist/tex/generic/ltxcmds/l
txcmds.sty)
(/opt/homebrew/Cellar/texlive/20230313_2/share/texmf-dist/tex/generic/pdftexcmd
s/pdftexcmds.sty
(/opt/homebrew/Cellar/texlive/20230313_2/share/texmf-dist/tex/generic/infwarerr
/infwarerr.sty))
(/opt/homebrew/Cellar/texlive/20230313_2/share/texmf-dist/tex/latex/kvsetkeys/k
vsetkeys.sty)
(/opt/homebrew/Cellar/texlive/20230313_2/share/texmf-dist/tex/generic/kvdefinek
eys/kvdefinekeys.sty)
(/opt/homebrew/Cellar/texlive/20230313_2/share/texmf-dist/tex/generic/pdfescape
/pdfescape.sty)
(/opt/homebrew/Cellar/texlive/20230313_2/share/texmf-dist/tex/latex/hycolor/hyc
olor.sty)
(/opt/homebrew/Cellar/texlive/20230313_2/share/texmf-dist/tex/latex/letltxmacro
/letltxmacro.sty)
(/opt/homebrew/Cellar/texlive/20230313_2/share/texmf-dist/tex/latex/auxhook/aux
hook.sty)
(/opt/homebrew/Cellar/texlive/20230313_2/share/texmf-dist/tex/latex/hyperref/na
meref.sty
(/opt/homebrew/Cellar/texlive/20230313_2/share/texmf-dist/tex/latex/refcount/re
fcount.sty)
(/opt/homebrew/Cellar/texlive/20230313_2/share/texmf-dist/tex/generic/gettitles
tring/gettitlestring.sty
(/opt/homebrew/Cellar/texlive/20230313_2/share/texmf-dist/tex/latex/kvoptions/k
voptions.sty)))
(/opt/homebrew/Cellar/texlive/20230313_2/share/texmf-dist/tex/latex/hyperref/pd
1enc.def)
(/opt/homebrew/Cellar/texlive/20230313_2/share/texmf-dist/tex/generic/intcalc/i
ntcalc.sty)
(/opt/homebrew/Cellar/texlive/20230313_2/share/texmf-dist/tex/generic/etexcmds/
etexcmds.sty)
(/opt/homebrew/Cellar/texlive/20230313_2/share/texmf-dist/tex/latex/hyperref/pu
enc.def)
(/opt/homebrew/Cellar/texlive/20230313_2/share/texmf-dist/tex/generic/bitset/bi
tset.sty
(/opt/homebrew/Cellar/texlive/20230313_2/share/texmf-dist/tex/generic/bigintcal
c/bigintcalc.sty))
(/opt/homebrew/Cellar/texlive/20230313_2/share/texmf-dist/tex/latex/base/atbegs
hi-ltx.sty))
(/opt/homebrew/Cellar/texlive/20230313_2/share/texmf-dist/tex/latex/hyperref/hp
dftex.def
(/opt/homebrew/Cellar/texlive/20230313_2/share/texmf-dist/tex/latex/base/atvery
end-ltx.sty)
(/opt/homebrew/Cellar/texlive/20230313_2/share/texmf-dist/tex/latex/rerunfilech
eck/rerunfilecheck.sty
(/opt/homebrew/Cellar/texlive/20230313_2/share/texmf-dist/tex/generic/uniquecou
nter/uniquecounter.sty))))
(/opt/homebrew/Cellar/texlive/20230313_2/share/texmf-dist/tex/latex/base/makeid
x.sty)
(/opt/homebrew/Cellar/texlive/20230313_2/share/texmf-dist/tex/latex/base/inpute
nc.sty)
Writing index file Rd2.idx

(/opt/homebrew/Cellar/texlive/20230313_2/share/texmf-dist/tex/latex/psnfss/t1pt
m.fd)
(/opt/homebrew/Cellar/texlive/20230313_2/share/texmf-dist/tex/latex/l3backend/l
3backend-pdftex.def)
(/private/var/folders/58/7rn_bn5d6k3_cxwnzdhswpz4n0z2n9/T/RtmpOaxUwq/Rd2pdff3c8
56e679a5/Rd2.aux)
(/opt/homebrew/Cellar/texlive/20230313_2/share/texmf-dist/tex/context/base/mkii
/supp-pdf.mkii
[Loading MPS to PDF converter (version 2006.09.02).]
)
(/private/var/folders/58/7rn_bn5d6k3_cxwnzdhswpz4n0z2n9/T/RtmpOaxUwq/Rd2pdff3c8
56e679a5/Rd2.out)
(/private/var/folders/58/7rn_bn5d6k3_cxwnzdhswpz4n0z2n9/T/RtmpOaxUwq/Rd2pdff3c8
56e679a5/Rd2.out)
(/opt/homebrew/Cellar/texlive/20230313_2/share/texmf-dist/tex/latex/inconsolata
/t1zi4.fd)
(/opt/homebrew/Cellar/texlive/20230313_2/share/texmf-dist/tex/latex/amsfonts/um
sa.fd)
(/opt/homebrew/Cellar/texlive/20230313_2/share/texmf-dist/tex/latex/amsfonts/um
sb.fd)
(/opt/homebrew/Cellar/texlive/20230313_2/share/texmf-dist/tex/latex/jknapltx/ur
sfs.fd)
(/opt/homebrew/Cellar/texlive/20230313_2/share/texmf-dist/tex/latex/psnfss/t1ph
v.fd)
(/private/var/folders/58/7rn_bn5d6k3_cxwnzdhswpz4n0z2n9/T/RtmpOaxUwq/Rd2pdff3c8
56e679a5/Rd2.toc [1{/opt/homebrew/Cellar/texlive/20230313_2/share/texmf-dist/fo
nts/map/pdftex/updmap/pdftex.map}{/opt/homebrew/Cellar/texlive/20230313_2/share
/texmf-dist/fonts/enc/dvips/base/8r.enc}{/opt/homebrew/Cellar/texlive/20230313_
2/share/texmf-dist/fonts/enc/dvips/inconsolata/i4-t1-0.enc}])
(/opt/homebrew/Cellar/texlive/20230313_2/share/texmf-dist/tex/latex/inconsolata
/ts1zi4.fd) [2{/opt/homebrew/Cellar/texlive/20230313_2/share/texmf-dist/fonts/e
nc/dvips/inconsolata/i4-ts1.enc}] [3]
Overfull \hbox (6.7171pt too wide) in paragraph at lines 143--144
[]\T1/ptm/m/n/10 sf*/stars/SpatVector/SpatRaster ob-ject or a named nu-meric ve
c-tor with four names
[4] [5] [6] [7]
Overfull \hbox (50.24054pt too wide) in paragraph at lines 376--377
[]\T1/zi4/m/n/10 "id_from:id_to" []\T1/ptm/m/n/10 for-mat or []\T1/zi4/m/n/10 c
(unique(grid_id)[id_from], unique(grid_id)[id_to]) 
[8] [9] [10] [11] [12] [13] [14] [15]
(/private/var/folders/58/7rn_bn5d6k3_cxwnzdhswpz4n0z2n9/T/RtmpOaxUwq/Rd2pdff3c8
56e679a5/Rd2.ind [16] [17])
(/private/var/folders/58/7rn_bn5d6k3_cxwnzdhswpz4n0z2n9/T/RtmpOaxUwq/Rd2pdff3c8
56e679a5/Rd2.aux) )
(see the transcript file for additional information)</opt/homebrew/Cellar/texli
ve/20230313_2/share/texmf-dist/fonts/type1/public/inconsolata/Inconsolata-zi4r.
pfb></opt/homebrew/Cellar/texlive/20230313_2/share/texmf-dist/fonts/type1/urw/h
elvetic/uhvr8a.pfb></opt/homebrew/Cellar/texlive/20230313_2/share/texmf-dist/fo
nts/type1/urw/times/utmb8a.pfb></opt/homebrew/Cellar/texlive/20230313_2/share/t
exmf-dist/fonts/type1/urw/times/utmr8a.pfb></opt/homebrew/Cellar/texlive/202303
13_2/share/texmf-dist/fonts/type1/urw/times/utmr8a.pfb></opt/homebrew/Cellar/te
xlive/20230313_2/share/texmf-dist/fonts/type1/urw/times/utmri8a.pfb>
Output written on Rd2.pdf (17 pages, 116155 bytes).
Transcript written on Rd2.log.
Saving output to ‘scomps-manual.pdf’ ...
Done
You may want to clean up by 'rm -Rf /var/folders/58/7rn_bn5d6k3_cxwnzdhswpz4n0z2n9/T//RtmpOaxUwq/Rd2pdff3c856e679a5'
